[0.625s] DEBUG:colcon:Command line arguments: ['/usr/bin/colcon', 'build', '--packages-select', 'cpp_time06']
[0.625s] DEBUG:colcon:Parsed command line arguments: Namespace(log_base=None, log_level=None, verb_name='build', build_base='build', install_base='install', merge_install=False, symlink_install=False, test_result_base=None, continue_on_error=False, executor='parallel', parallel_workers=2, event_handlers=None, ignore_user_meta=False, metas=['./colcon.meta'], base_paths=['.'], packages_ignore=None, packages_ignore_regex=None, paths=None, packages_up_to=None, packages_up_to_regex=None, packages_above=None, packages_above_and_dependencies=None, packages_above_depth=None, packages_select_by_dep=None, packages_skip_by_dep=None, packages_skip_up_to=None, packages_select_build_failed=False, packages_skip_build_finished=False, packages_select_test_failures=False, packages_skip_test_passed=False, packages_select=['cpp_time06'], packages_skip=None, packages_select_regex=None, packages_skip_regex=None, packages_start=None, packages_end=None, allow_overriding=[], cmake_args=None, cmake_target=None, cmake_target_skip_unavailable=False, cmake_clean_cache=False, cmake_clean_first=False, cmake_force_configure=False, ament_cmake_args=None, catkin_cmake_args=None, catkin_skip_building_tests=False, verb_parser=<colcon_defaults.argument_parser.defaults.DefaultArgumentsDecorator object at 0xffff95fae290>, verb_extension=<colcon_core.verb.build.BuildVerb object at 0xffff95fad1b0>, main=<bound method BuildVerb.main of <colcon_core.verb.build.BuildVerb object at 0xffff95fad1b0>>)
[0.659s] Level 1:colcon.colcon_core.package_discovery:discover_packages(colcon_meta) check parameters
[0.659s] Level 1:colcon.colcon_core.package_discovery:discover_packages(recursive) check parameters
[0.659s] Level 1:colcon.colcon_core.package_discovery:discover_packages(ignore) check parameters
[0.659s] Level 1:colcon.colcon_core.package_discovery:discover_packages(path) check parameters
[0.659s] Level 1:colcon.colcon_core.package_discovery:discover_packages(colcon_meta) discover
[0.659s] Level 1:colcon.colcon_core.package_discovery:discover_packages(recursive) discover
[0.659s] INFO:colcon.colcon_core.package_discovery:Crawling recursively for packages in '/home/parallels/ws01_pluming/src'
[0.659s] Level 1:colcon.colcon_core.package_identification:_identify(.) by extensions ['ignore', 'ignore_ament_install']
[0.659s] Level 1:colcon.colcon_core.package_identification:_identify(.) by extension 'ignore'
[0.659s] Level 1:colcon.colcon_core.package_identification:_identify(.) by extension 'ignore_ament_install'
[0.660s] Level 1:colcon.colcon_core.package_identification:_identify(.) by extensions ['colcon_pkg']
[0.660s] Level 1:colcon.colcon_core.package_identification:_identify(.) by extension 'colcon_pkg'
[0.660s] Level 1:colcon.colcon_core.package_identification:_identify(.) by extensions ['colcon_meta']
[0.660s] Level 1:colcon.colcon_core.package_identification:_identify(.) by extension 'colcon_meta'
[0.660s] Level 1:colcon.colcon_core.package_identification:_identify(.) by extensions ['ros']
[0.660s] Level 1:colcon.colcon_core.package_identification:_identify(.) by extension 'ros'
[0.669s] Level 1:colcon.colcon_core.package_identification:_identify(.) by extensions ['cmake', 'python']
[0.669s] Level 1:colcon.colcon_core.package_identification:_identify(.) by extension 'cmake'
[0.669s] Level 1:colcon.colcon_core.package_identification:_identify(.) by extension 'python'
[0.669s] Level 1:colcon.colcon_core.package_identification:_identify(.) by extensions ['python_setup_py']
[0.669s] Level 1:colcon.colcon_core.package_identification:_identify(.) by extension 'python_setup_py'
[0.669s] Level 1:colcon.colcon_core.package_identification:_identify(base_interfaces) by extensions ['ignore', 'ignore_ament_install']
[0.669s] Level 1:colcon.colcon_core.package_identification:_identify(base_interfaces) by extension 'ignore'
[0.669s] Level 1:colcon.colcon_core.package_identification:_identify(base_interfaces) by extension 'ignore_ament_install'
[0.669s] Level 1:colcon.colcon_core.package_identification:_identify(base_interfaces) by extensions ['colcon_pkg']
[0.669s] Level 1:colcon.colcon_core.package_identification:_identify(base_interfaces) by extension 'colcon_pkg'
[0.669s] Level 1:colcon.colcon_core.package_identification:_identify(base_interfaces) by extensions ['colcon_meta']
[0.669s] Level 1:colcon.colcon_core.package_identification:_identify(base_interfaces) by extension 'colcon_meta'
[0.669s] Level 1:colcon.colcon_core.package_identification:_identify(base_interfaces) by extensions ['ros']
[0.669s] Level 1:colcon.colcon_core.package_identification:_identify(base_interfaces) by extension 'ros'
[0.671s] DEBUG:colcon.colcon_core.package_identification:Package 'base_interfaces' with type 'ros.ament_cmake' and name 'base_interfaces'
[0.672s] Level 1:colcon.colcon_core.package_identification:_identify(build) by extensions ['ignore', 'ignore_ament_install']
[0.672s] Level 1:colcon.colcon_core.package_identification:_identify(build) by extension 'ignore'
[0.672s] Level 1:colcon.colcon_core.package_identification:_identify(build) ignored
[0.672s] Level 1:colcon.colcon_core.package_identification:_identify(cpp_action03) by extensions ['ignore', 'ignore_ament_install']
[0.672s] Level 1:colcon.colcon_core.package_identification:_identify(cpp_action03) by extension 'ignore'
[0.672s] Level 1:colcon.colcon_core.package_identification:_identify(cpp_action03) by extension 'ignore_ament_install'
[0.672s] Level 1:colcon.colcon_core.package_identification:_identify(cpp_action03) by extensions ['colcon_pkg']
[0.672s] Level 1:colcon.colcon_core.package_identification:_identify(cpp_action03) by extension 'colcon_pkg'
[0.672s] Level 1:colcon.colcon_core.package_identification:_identify(cpp_action03) by extensions ['colcon_meta']
[0.672s] Level 1:colcon.colcon_core.package_identification:_identify(cpp_action03) by extension 'colcon_meta'
[0.672s] Level 1:colcon.colcon_core.package_identification:_identify(cpp_action03) by extensions ['ros']
[0.672s] Level 1:colcon.colcon_core.package_identification:_identify(cpp_action03) by extension 'ros'
[0.673s] DEBUG:colcon.colcon_core.package_identification:Package 'cpp_action03' with type 'ros.ament_cmake' and name 'cpp_action03'
[0.674s] Level 1:colcon.colcon_core.package_identification:_identify(cpp_names05) by extensions ['ignore', 'ignore_ament_install']
[0.674s] Level 1:colcon.colcon_core.package_identification:_identify(cpp_names05) by extension 'ignore'
[0.674s] Level 1:colcon.colcon_core.package_identification:_identify(cpp_names05) by extension 'ignore_ament_install'
[0.674s] Level 1:colcon.colcon_core.package_identification:_identify(cpp_names05) by extensions ['colcon_pkg']
[0.674s] Level 1:colcon.colcon_core.package_identification:_identify(cpp_names05) by extension 'colcon_pkg'
[0.674s] Level 1:colcon.colcon_core.package_identification:_identify(cpp_names05) by extensions ['colcon_meta']
[0.674s] Level 1:colcon.colcon_core.package_identification:_identify(cpp_names05) by extension 'colcon_meta'
[0.674s] Level 1:colcon.colcon_core.package_identification:_identify(cpp_names05) by extensions ['ros']
[0.674s] Level 1:colcon.colcon_core.package_identification:_identify(cpp_names05) by extension 'ros'
[0.675s] DEBUG:colcon.colcon_core.package_identification:Package 'cpp_names05' with type 'ros.ament_cmake' and name 'cpp_names05'
[0.675s] Level 1:colcon.colcon_core.package_identification:_identify(cpp_param04) by extensions ['ignore', 'ignore_ament_install']
[0.675s] Level 1:colcon.colcon_core.package_identification:_identify(cpp_param04) by extension 'ignore'
[0.675s] Level 1:colcon.colcon_core.package_identification:_identify(cpp_param04) by extension 'ignore_ament_install'
[0.675s] Level 1:colcon.colcon_core.package_identification:_identify(cpp_param04) by extensions ['colcon_pkg']
[0.675s] Level 1:colcon.colcon_core.package_identification:_identify(cpp_param04) by extension 'colcon_pkg'
[0.675s] Level 1:colcon.colcon_core.package_identification:_identify(cpp_param04) by extensions ['colcon_meta']
[0.675s] Level 1:colcon.colcon_core.package_identification:_identify(cpp_param04) by extension 'colcon_meta'
[0.675s] Level 1:colcon.colcon_core.package_identification:_identify(cpp_param04) by extensions ['ros']
[0.675s] Level 1:colcon.colcon_core.package_identification:_identify(cpp_param04) by extension 'ros'
[0.676s] DEBUG:colcon.colcon_core.package_identification:Package 'cpp_param04' with type 'ros.ament_cmake' and name 'cpp_param04'
[0.676s] Level 1:colcon.colcon_core.package_identification:_identify(cpp_service02) by extensions ['ignore', 'ignore_ament_install']
[0.676s] Level 1:colcon.colcon_core.package_identification:_identify(cpp_service02) by extension 'ignore'
[0.676s] Level 1:colcon.colcon_core.package_identification:_identify(cpp_service02) by extension 'ignore_ament_install'
[0.676s] Level 1:colcon.colcon_core.package_identification:_identify(cpp_service02) by extensions ['colcon_pkg']
[0.676s] Level 1:colcon.colcon_core.package_identification:_identify(cpp_service02) by extension 'colcon_pkg'
[0.676s] Level 1:colcon.colcon_core.package_identification:_identify(cpp_service02) by extensions ['colcon_meta']
[0.676s] Level 1:colcon.colcon_core.package_identification:_identify(cpp_service02) by extension 'colcon_meta'
[0.676s] Level 1:colcon.colcon_core.package_identification:_identify(cpp_service02) by extensions ['ros']
[0.676s] Level 1:colcon.colcon_core.package_identification:_identify(cpp_service02) by extension 'ros'
[0.677s] DEBUG:colcon.colcon_core.package_identification:Package 'cpp_service02' with type 'ros.ament_cmake' and name 'cpp_service02'
[0.677s] Level 1:colcon.colcon_core.package_identification:_identify(cpp_time06) by extensions ['ignore', 'ignore_ament_install']
[0.677s] Level 1:colcon.colcon_core.package_identification:_identify(cpp_time06) by extension 'ignore'
[0.677s] Level 1:colcon.colcon_core.package_identification:_identify(cpp_time06) by extension 'ignore_ament_install'
[0.677s] Level 1:colcon.colcon_core.package_identification:_identify(cpp_time06) by extensions ['colcon_pkg']
[0.677s] Level 1:colcon.colcon_core.package_identification:_identify(cpp_time06) by extension 'colcon_pkg'
[0.677s] Level 1:colcon.colcon_core.package_identification:_identify(cpp_time06) by extensions ['colcon_meta']
[0.677s] Level 1:colcon.colcon_core.package_identification:_identify(cpp_time06) by extension 'colcon_meta'
[0.677s] Level 1:colcon.colcon_core.package_identification:_identify(cpp_time06) by extensions ['ros']
[0.677s] Level 1:colcon.colcon_core.package_identification:_identify(cpp_time06) by extension 'ros'
[0.677s] DEBUG:colcon.colcon_core.package_identification:Package 'cpp_time06' with type 'ros.ament_cmake' and name 'cpp_time06'
[0.677s] Level 1:colcon.colcon_core.package_identification:_identify(cpp_topic01) by extensions ['ignore', 'ignore_ament_install']
[0.677s] Level 1:colcon.colcon_core.package_identification:_identify(cpp_topic01) by extension 'ignore'
[0.677s] Level 1:colcon.colcon_core.package_identification:_identify(cpp_topic01) by extension 'ignore_ament_install'
[0.677s] Level 1:colcon.colcon_core.package_identification:_identify(cpp_topic01) by extensions ['colcon_pkg']
[0.677s] Level 1:colcon.colcon_core.package_identification:_identify(cpp_topic01) by extension 'colcon_pkg'
[0.677s] Level 1:colcon.colcon_core.package_identification:_identify(cpp_topic01) by extensions ['colcon_meta']
[0.677s] Level 1:colcon.colcon_core.package_identification:_identify(cpp_topic01) by extension 'colcon_meta'
[0.677s] Level 1:colcon.colcon_core.package_identification:_identify(cpp_topic01) by extensions ['ros']
[0.677s] Level 1:colcon.colcon_core.package_identification:_identify(cpp_topic01) by extension 'ros'
[0.678s] DEBUG:colcon.colcon_core.package_identification:Package 'cpp_topic01' with type 'ros.ament_cmake' and name 'cpp_topic01'
[0.678s] Level 1:colcon.colcon_core.package_identification:_identify(install) by extensions ['ignore', 'ignore_ament_install']
[0.678s] Level 1:colcon.colcon_core.package_identification:_identify(install) by extension 'ignore'
[0.678s] Level 1:colcon.colcon_core.package_identification:_identify(install) ignored
[0.678s] Level 1:colcon.colcon_core.package_identification:_identify(log) by extensions ['ignore', 'ignore_ament_install']
[0.678s] Level 1:colcon.colcon_core.package_identification:_identify(log) by extension 'ignore'
[0.678s] Level 1:colcon.colcon_core.package_identification:_identify(log) ignored
[0.679s] Level 1:colcon.colcon_core.package_identification:_identify(tutorials_pluming) by extensions ['ignore', 'ignore_ament_install']
[0.679s] Level 1:colcon.colcon_core.package_identification:_identify(tutorials_pluming) by extension 'ignore'
[0.679s] Level 1:colcon.colcon_core.package_identification:_identify(tutorials_pluming) by extension 'ignore_ament_install'
[0.679s] Level 1:colcon.colcon_core.package_identification:_identify(tutorials_pluming) by extensions ['colcon_pkg']
[0.679s] Level 1:colcon.colcon_core.package_identification:_identify(tutorials_pluming) by extension 'colcon_pkg'
[0.679s] Level 1:colcon.colcon_core.package_identification:_identify(tutorials_pluming) by extensions ['colcon_meta']
[0.679s] Level 1:colcon.colcon_core.package_identification:_identify(tutorials_pluming) by extension 'colcon_meta'
[0.679s] Level 1:colcon.colcon_core.package_identification:_identify(tutorials_pluming) by extensions ['ros']
[0.679s] Level 1:colcon.colcon_core.package_identification:_identify(tutorials_pluming) by extension 'ros'
[0.680s] DEBUG:colcon.colcon_core.package_identification:Package 'tutorials_pluming' with type 'ros.ament_cmake' and name 'tutorials_pluming'
[0.680s] Level 1:colcon.colcon_core.package_discovery:discover_packages(recursive) using defaults
[0.680s] Level 1:colcon.colcon_core.package_discovery:discover_packages(ignore) discover
[0.680s] Level 1:colcon.colcon_core.package_discovery:discover_packages(ignore) using defaults
[0.680s] Level 1:colcon.colcon_core.package_discovery:discover_packages(path) discover
[0.680s] Level 1:colcon.colcon_core.package_discovery:discover_packages(path) using defaults
[0.721s] INFO:colcon.colcon_core.package_selection:Skipping not selected package 'base_interfaces' in 'base_interfaces'
[0.721s] INFO:colcon.colcon_core.package_selection:Skipping not selected package 'cpp_names05' in 'cpp_names05'
[0.721s] INFO:colcon.colcon_core.package_selection:Skipping not selected package 'cpp_param04' in 'cpp_param04'
[0.721s] INFO:colcon.colcon_core.package_selection:Skipping not selected package 'cpp_action03' in 'cpp_action03'
[0.721s] INFO:colcon.colcon_core.package_selection:Skipping not selected package 'cpp_service02' in 'cpp_service02'
[0.721s] INFO:colcon.colcon_core.package_selection:Skipping not selected package 'cpp_topic01' in 'cpp_topic01'
[0.721s] INFO:colcon.colcon_core.package_selection:Skipping not selected package 'tutorials_pluming' in 'tutorials_pluming'
[0.735s] Level 1:colcon.colcon_core.package_discovery:discover_packages(prefix_path) check parameters
[0.735s] Level 1:colcon.colcon_core.package_discovery:discover_packages(prefix_path) discover
[0.758s] DEBUG:colcon.colcon_installed_package_information.package_discovery:Found 7 installed packages in /home/parallels/ws01_pluming/install
[0.765s] DEBUG:colcon.colcon_installed_package_information.package_discovery:Found 2 installed packages in /home/parallels/ros2_ws/install
[0.774s] DEBUG:colcon.colcon_installed_package_information.package_discovery:Found 285 installed packages in /opt/ros/iron
[0.775s] Level 1:colcon.colcon_core.package_discovery:discover_packages(prefix_path) using defaults
[0.874s] Level 5:colcon.colcon_core.verb:set package 'cpp_time06' build argument 'cmake_args' from command line to 'None'
[0.874s] Level 5:colcon.colcon_core.verb:set package 'cpp_time06' build argument 'cmake_target' from command line to 'None'
[0.874s] Level 5:colcon.colcon_core.verb:set package 'cpp_time06' build argument 'cmake_target_skip_unavailable' from command line to 'False'
[0.874s] Level 5:colcon.colcon_core.verb:set package 'cpp_time06' build argument 'cmake_clean_cache' from command line to 'False'
[0.874s] Level 5:colcon.colcon_core.verb:set package 'cpp_time06' build argument 'cmake_clean_first' from command line to 'False'
[0.874s] Level 5:colcon.colcon_core.verb:set package 'cpp_time06' build argument 'cmake_force_configure' from command line to 'False'
[0.874s] Level 5:colcon.colcon_core.verb:set package 'cpp_time06' build argument 'ament_cmake_args' from command line to 'None'
[0.874s] Level 5:colcon.colcon_core.verb:set package 'cpp_time06' build argument 'catkin_cmake_args' from command line to 'None'
[0.874s] Level 5:colcon.colcon_core.verb:set package 'cpp_time06' build argument 'catkin_skip_building_tests' from command line to 'False'
[0.875s] DEBUG:colcon.colcon_core.verb:Building package 'cpp_time06' with the following arguments: {'ament_cmake_args': None, 'build_base': '/home/parallels/ws01_pluming/src/build/cpp_time06', 'catkin_cmake_args': None, 'catkin_skip_building_tests': False, 'cmake_args': None, 'cmake_clean_cache': False, 'cmake_clean_first': False, 'cmake_force_configure': False, 'cmake_target': None, 'cmake_target_skip_unavailable': False, 'install_base': '/home/parallels/ws01_pluming/src/install/cpp_time06', 'merge_install': False, 'path': '/home/parallels/ws01_pluming/src/cpp_time06', 'symlink_install': False, 'test_result_base': None}
[0.882s] INFO:colcon.colcon_core.executor:Executing jobs using 'parallel' executor
[0.892s] DEBUG:colcon.colcon_parallel_executor.executor.parallel:run_until_complete
[0.892s] INFO:colcon.colcon_ros.task.ament_cmake.build:Building ROS package in '/home/parallels/ws01_pluming/src/cpp_time06' with build type 'ament_cmake'
[0.892s] INFO:colcon.colcon_cmake.task.cmake.build:Building CMake package in '/home/parallels/ws01_pluming/src/cpp_time06'
[0.908s] INFO:colcon.colcon_core.plugin_system:Skipping extension 'colcon_core.shell.bat': Not used on non-Windows systems
[0.908s] INFO:colcon.colcon_core.shell:Skip shell extension 'powershell' for command environment: Not usable outside of PowerShell
[0.908s] DEBUG:colcon.colcon_core.shell:Skip shell extension 'dsv' for command environment
[0.955s] DEBUG:colcon.colcon_core.event_handler.log_command:Invoking command in '/home/parallels/ws01_pluming/src/build/cpp_time06': CMAKE_PREFIX_PATH=${CMAKE_PREFIX_PATH}:/opt/ros/iron /usr/bin/cmake /home/parallels/ws01_pluming/src/cpp_time06 -DCMAKE_INSTALL_PREFIX=/home/parallels/ws01_pluming/src/install/cpp_time06
[1.822s] DEBUG:colcon.colcon_core.event_handler.log_command:Invoked command in '/home/parallels/ws01_pluming/src/build/cpp_time06' returned '0': CMAKE_PREFIX_PATH=${CMAKE_PREFIX_PATH}:/opt/ros/iron /usr/bin/cmake /home/parallels/ws01_pluming/src/cpp_time06 -DCMAKE_INSTALL_PREFIX=/home/parallels/ws01_pluming/src/install/cpp_time06
[1.823s] DEBUG:colcon.colcon_core.event_handler.log_command:Invoking command in '/home/parallels/ws01_pluming/src/build/cpp_time06': CMAKE_PREFIX_PATH=${CMAKE_PREFIX_PATH}:/opt/ros/iron /usr/bin/cmake --build /home/parallels/ws01_pluming/src/build/cpp_time06 -- -j2 -l2
[1.884s] DEBUG:colcon.colcon_core.event_handler.log_command:Invoked command in '/home/parallels/ws01_pluming/src/build/cpp_time06' returned '2': CMAKE_PREFIX_PATH=${CMAKE_PREFIX_PATH}:/opt/ros/iron /usr/bin/cmake --build /home/parallels/ws01_pluming/src/build/cpp_time06 -- -j2 -l2
[1.925s] Level 1:colcon.colcon_core.environment:create_environment_scripts_only(cpp_time06)
[1.937s] Level 1:colcon.colcon_core.environment:checking '/home/parallels/ws01_pluming/src/install/cpp_time06' for CMake module files
[1.937s] Level 1:colcon.colcon_core.environment:checking '/home/parallels/ws01_pluming/src/install/cpp_time06' for CMake config files
[1.937s] Level 1:colcon.colcon_core.environment:checking '/home/parallels/ws01_pluming/src/install/cpp_time06/bin'
[1.938s] Level 1:colcon.colcon_core.environment:checking '/home/parallels/ws01_pluming/src/install/cpp_time06/lib/pkgconfig/cpp_time06.pc'
[1.938s] Level 1:colcon.colcon_core.environment:checking '/home/parallels/ws01_pluming/src/install/cpp_time06/lib/python3.10/site-packages'
[1.938s] Level 1:colcon.colcon_core.environment:checking '/home/parallels/ws01_pluming/src/install/cpp_time06/bin'
[1.947s] INFO:colcon.colcon_core.shell:Creating package script '/home/parallels/ws01_pluming/src/install/cpp_time06/share/cpp_time06/package.ps1'
[1.948s] INFO:colcon.colcon_core.shell:Creating package descriptor '/home/parallels/ws01_pluming/src/install/cpp_time06/share/cpp_time06/package.dsv'
[1.948s] INFO:colcon.colcon_core.shell:Creating package script '/home/parallels/ws01_pluming/src/install/cpp_time06/share/cpp_time06/package.sh'
[1.949s] INFO:colcon.colcon_core.shell:Creating package script '/home/parallels/ws01_pluming/src/install/cpp_time06/share/cpp_time06/package.bash'
[1.949s] INFO:colcon.colcon_core.shell:Creating package script '/home/parallels/ws01_pluming/src/install/cpp_time06/share/cpp_time06/package.zsh'
[1.950s] Level 1:colcon.colcon_core.environment:create_file_with_runtime_dependencies(/home/parallels/ws01_pluming/src/install/cpp_time06/share/colcon-core/packages/cpp_time06)
[1.950s] DEBUG:colcon.colcon_parallel_executor.executor.parallel:closing loop
[1.951s] DEBUG:colcon.colcon_parallel_executor.executor.parallel:loop closed
[1.951s] DEBUG:colcon.colcon_parallel_executor.executor.parallel:run_until_complete finished with '2'
[1.951s] DEBUG:colcon.colcon_core.event_reactor:joining thread
[1.965s] INFO:colcon.colcon_core.plugin_system:Skipping extension 'colcon_notification.desktop_notification.terminal_notifier': Not used on non-Darwin systems
[1.965s] INFO:colcon.colcon_core.plugin_system:Skipping extension 'colcon_notification.desktop_notification.win32': Not used on non-Windows systems
[1.965s] INFO:colcon.colcon_notification.desktop_notification:Sending desktop notification using 'notify2'
[2.021s] DEBUG:colcon.colcon_core.event_reactor:joined thread
[2.027s] INFO:colcon.colcon_core.shell:Creating prefix script '/home/parallels/ws01_pluming/src/install/local_setup.ps1'
[2.029s] INFO:colcon.colcon_core.shell:Creating prefix util module '/home/parallels/ws01_pluming/src/install/_local_setup_util_ps1.py'
[2.030s] INFO:colcon.colcon_core.shell:Creating prefix chain script '/home/parallels/ws01_pluming/src/install/setup.ps1'
[2.044s] INFO:colcon.colcon_core.shell:Creating prefix script '/home/parallels/ws01_pluming/src/install/local_setup.sh'
[2.045s] INFO:colcon.colcon_core.shell:Creating prefix util module '/home/parallels/ws01_pluming/src/install/_local_setup_util_sh.py'
[2.046s] INFO:colcon.colcon_core.shell:Creating prefix chain script '/home/parallels/ws01_pluming/src/install/setup.sh'
[2.054s] INFO:colcon.colcon_core.shell:Creating prefix script '/home/parallels/ws01_pluming/src/install/local_setup.bash'
[2.055s] INFO:colcon.colcon_core.shell:Creating prefix chain script '/home/parallels/ws01_pluming/src/install/setup.bash'
[2.064s] INFO:colcon.colcon_core.shell:Creating prefix script '/home/parallels/ws01_pluming/src/install/local_setup.zsh'
[2.065s] INFO:colcon.colcon_core.shell:Creating prefix chain script '/home/parallels/ws01_pluming/src/install/setup.zsh'
