[0.629s] DEBUG:colcon:Command line arguments: ['/usr/bin/colcon', 'build', '--packages-select', 'cpp_time06']
[0.629s] DEBUG:colcon:Parsed command line arguments: Namespace(log_base=None, log_level=None, verb_name='build', build_base='build', install_base='install', merge_install=False, symlink_install=False, test_result_base=None, continue_on_error=False, executor='parallel', parallel_workers=2, event_handlers=None, ignore_user_meta=False, metas=['./colcon.meta'], base_paths=['.'], packages_ignore=None, packages_ignore_regex=None, paths=None, packages_up_to=None, packages_up_to_regex=None, packages_above=None, packages_above_and_dependencies=None, packages_above_depth=None, packages_select_by_dep=None, packages_skip_by_dep=None, packages_skip_up_to=None, packages_select_build_failed=False, packages_skip_build_finished=False, packages_select_test_failures=False, packages_skip_test_passed=False, packages_select=['cpp_time06'], packages_skip=None, packages_select_regex=None, packages_skip_regex=None, packages_start=None, packages_end=None, allow_overriding=[], cmake_args=None, cmake_target=None, cmake_target_skip_unavailable=False, cmake_clean_cache=False, cmake_clean_first=False, cmake_force_configure=False, ament_cmake_args=None, catkin_cmake_args=None, catkin_skip_building_tests=False, verb_parser=<colcon_defaults.argument_parser.defaults.DefaultArgumentsDecorator object at 0xffff9239a530>, verb_extension=<colcon_core.verb.build.BuildVerb object at 0xffff92399420>, main=<bound method BuildVerb.main of <colcon_core.verb.build.BuildVerb object at 0xffff92399420>>)
[0.668s] Level 1:colcon.colcon_core.package_discovery:discover_packages(colcon_meta) check parameters
[0.668s] Level 1:colcon.colcon_core.package_discovery:discover_packages(recursive) check parameters
[0.668s] Level 1:colcon.colcon_core.package_discovery:discover_packages(ignore) check parameters
[0.668s] Level 1:colcon.colcon_core.package_discovery:discover_packages(path) check parameters
[0.668s] Level 1:colcon.colcon_core.package_discovery:discover_packages(colcon_meta) discover
[0.668s] Level 1:colcon.colcon_core.package_discovery:discover_packages(recursive) discover
[0.668s] INFO:colcon.colcon_core.package_discovery:Crawling recursively for packages in '/home/parallels/ws01_pluming/src'
[0.668s] Level 1:colcon.colcon_core.package_identification:_identify(.) by extensions ['ignore', 'ignore_ament_install']
[0.668s] Level 1:colcon.colcon_core.package_identification:_identify(.) by extension 'ignore'
[0.668s] Level 1:colcon.colcon_core.package_identification:_identify(.) by extension 'ignore_ament_install'
[0.668s] Level 1:colcon.colcon_core.package_identification:_identify(.) by extensions ['colcon_pkg']
[0.668s] Level 1:colcon.colcon_core.package_identification:_identify(.) by extension 'colcon_pkg'
[0.668s] Level 1:colcon.colcon_core.package_identification:_identify(.) by extensions ['colcon_meta']
[0.668s] Level 1:colcon.colcon_core.package_identification:_identify(.) by extension 'colcon_meta'
[0.668s] Level 1:colcon.colcon_core.package_identification:_identify(.) by extensions ['ros']
[0.668s] Level 1:colcon.colcon_core.package_identification:_identify(.) by extension 'ros'
[0.682s] Level 1:colcon.colcon_core.package_identification:_identify(.) by extensions ['cmake', 'python']
[0.682s] Level 1:colcon.colcon_core.package_identification:_identify(.) by extension 'cmake'
[0.682s] Level 1:colcon.colcon_core.package_identification:_identify(.) by extension 'python'
[0.682s] Level 1:colcon.colcon_core.package_identification:_identify(.) by extensions ['python_setup_py']
[0.682s] Level 1:colcon.colcon_core.package_identification:_identify(.) by extension 'python_setup_py'
[0.682s] Level 1:colcon.colcon_core.package_identification:_identify(base_interfaces) by extensions ['ignore', 'ignore_ament_install']
[0.683s] Level 1:colcon.colcon_core.package_identification:_identify(base_interfaces) by extension 'ignore'
[0.683s] Level 1:colcon.colcon_core.package_identification:_identify(base_interfaces) by extension 'ignore_ament_install'
[0.683s] Level 1:colcon.colcon_core.package_identification:_identify(base_interfaces) by extensions ['colcon_pkg']
[0.683s] Level 1:colcon.colcon_core.package_identification:_identify(base_interfaces) by extension 'colcon_pkg'
[0.683s] Level 1:colcon.colcon_core.package_identification:_identify(base_interfaces) by extensions ['colcon_meta']
[0.683s] Level 1:colcon.colcon_core.package_identification:_identify(base_interfaces) by extension 'colcon_meta'
[0.683s] Level 1:colcon.colcon_core.package_identification:_identify(base_interfaces) by extensions ['ros']
[0.683s] Level 1:colcon.colcon_core.package_identification:_identify(base_interfaces) by extension 'ros'
[0.685s] DEBUG:colcon.colcon_core.package_identification:Package 'base_interfaces' with type 'ros.ament_cmake' and name 'base_interfaces'
[0.685s] Level 1:colcon.colcon_core.package_identification:_identify(build) by extensions ['ignore', 'ignore_ament_install']
[0.685s] Level 1:colcon.colcon_core.package_identification:_identify(build) by extension 'ignore'
[0.685s] Level 1:colcon.colcon_core.package_identification:_identify(build) ignored
[0.685s] Level 1:colcon.colcon_core.package_identification:_identify(cpp_action03) by extensions ['ignore', 'ignore_ament_install']
[0.685s] Level 1:colcon.colcon_core.package_identification:_identify(cpp_action03) by extension 'ignore'
[0.685s] Level 1:colcon.colcon_core.package_identification:_identify(cpp_action03) by extension 'ignore_ament_install'
[0.685s] Level 1:colcon.colcon_core.package_identification:_identify(cpp_action03) by extensions ['colcon_pkg']
[0.685s] Level 1:colcon.colcon_core.package_identification:_identify(cpp_action03) by extension 'colcon_pkg'
[0.685s] Level 1:colcon.colcon_core.package_identification:_identify(cpp_action03) by extensions ['colcon_meta']
[0.685s] Level 1:colcon.colcon_core.package_identification:_identify(cpp_action03) by extension 'colcon_meta'
[0.685s] Level 1:colcon.colcon_core.package_identification:_identify(cpp_action03) by extensions ['ros']
[0.685s] Level 1:colcon.colcon_core.package_identification:_identify(cpp_action03) by extension 'ros'
[0.686s] DEBUG:colcon.colcon_core.package_identification:Package 'cpp_action03' with type 'ros.ament_cmake' and name 'cpp_action03'
[0.686s] Level 1:colcon.colcon_core.package_identification:_identify(cpp_names05) by extensions ['ignore', 'ignore_ament_install']
[0.686s] Level 1:colcon.colcon_core.package_identification:_identify(cpp_names05) by extension 'ignore'
[0.686s] Level 1:colcon.colcon_core.package_identification:_identify(cpp_names05) by extension 'ignore_ament_install'
[0.686s] Level 1:colcon.colcon_core.package_identification:_identify(cpp_names05) by extensions ['colcon_pkg']
[0.686s] Level 1:colcon.colcon_core.package_identification:_identify(cpp_names05) by extension 'colcon_pkg'
[0.686s] Level 1:colcon.colcon_core.package_identification:_identify(cpp_names05) by extensions ['colcon_meta']
[0.686s] Level 1:colcon.colcon_core.package_identification:_identify(cpp_names05) by extension 'colcon_meta'
[0.686s] Level 1:colcon.colcon_core.package_identification:_identify(cpp_names05) by extensions ['ros']
[0.686s] Level 1:colcon.colcon_core.package_identification:_identify(cpp_names05) by extension 'ros'
[0.687s] DEBUG:colcon.colcon_core.package_identification:Package 'cpp_names05' with type 'ros.ament_cmake' and name 'cpp_names05'
[0.688s] Level 1:colcon.colcon_core.package_identification:_identify(cpp_param04) by extensions ['ignore', 'ignore_ament_install']
[0.688s] Level 1:colcon.colcon_core.package_identification:_identify(cpp_param04) by extension 'ignore'
[0.688s] Level 1:colcon.colcon_core.package_identification:_identify(cpp_param04) by extension 'ignore_ament_install'
[0.688s] Level 1:colcon.colcon_core.package_identification:_identify(cpp_param04) by extensions ['colcon_pkg']
[0.688s] Level 1:colcon.colcon_core.package_identification:_identify(cpp_param04) by extension 'colcon_pkg'
[0.688s] Level 1:colcon.colcon_core.package_identification:_identify(cpp_param04) by extensions ['colcon_meta']
[0.688s] Level 1:colcon.colcon_core.package_identification:_identify(cpp_param04) by extension 'colcon_meta'
[0.688s] Level 1:colcon.colcon_core.package_identification:_identify(cpp_param04) by extensions ['ros']
[0.688s] Level 1:colcon.colcon_core.package_identification:_identify(cpp_param04) by extension 'ros'
[0.689s] DEBUG:colcon.colcon_core.package_identification:Package 'cpp_param04' with type 'ros.ament_cmake' and name 'cpp_param04'
[0.689s] Level 1:colcon.colcon_core.package_identification:_identify(cpp_service02) by extensions ['ignore', 'ignore_ament_install']
[0.690s] Level 1:colcon.colcon_core.package_identification:_identify(cpp_service02) by extension 'ignore'
[0.690s] Level 1:colcon.colcon_core.package_identification:_identify(cpp_service02) by extension 'ignore_ament_install'
[0.690s] Level 1:colcon.colcon_core.package_identification:_identify(cpp_service02) by extensions ['colcon_pkg']
[0.690s] Level 1:colcon.colcon_core.package_identification:_identify(cpp_service02) by extension 'colcon_pkg'
[0.690s] Level 1:colcon.colcon_core.package_identification:_identify(cpp_service02) by extensions ['colcon_meta']
[0.690s] Level 1:colcon.colcon_core.package_identification:_identify(cpp_service02) by extension 'colcon_meta'
[0.690s] Level 1:colcon.colcon_core.package_identification:_identify(cpp_service02) by extensions ['ros']
[0.690s] Level 1:colcon.colcon_core.package_identification:_identify(cpp_service02) by extension 'ros'
[0.690s] DEBUG:colcon.colcon_core.package_identification:Package 'cpp_service02' with type 'ros.ament_cmake' and name 'cpp_service02'
[0.690s] Level 1:colcon.colcon_core.package_identification:_identify(cpp_time06) by extensions ['ignore', 'ignore_ament_install']
[0.690s] Level 1:colcon.colcon_core.package_identification:_identify(cpp_time06) by extension 'ignore'
[0.690s] Level 1:colcon.colcon_core.package_identification:_identify(cpp_time06) by extension 'ignore_ament_install'
[0.690s] Level 1:colcon.colcon_core.package_identification:_identify(cpp_time06) by extensions ['colcon_pkg']
[0.691s] Level 1:colcon.colcon_core.package_identification:_identify(cpp_time06) by extension 'colcon_pkg'
[0.691s] Level 1:colcon.colcon_core.package_identification:_identify(cpp_time06) by extensions ['colcon_meta']
[0.691s] Level 1:colcon.colcon_core.package_identification:_identify(cpp_time06) by extension 'colcon_meta'
[0.691s] Level 1:colcon.colcon_core.package_identification:_identify(cpp_time06) by extensions ['ros']
[0.691s] Level 1:colcon.colcon_core.package_identification:_identify(cpp_time06) by extension 'ros'
[0.691s] DEBUG:colcon.colcon_core.package_identification:Package 'cpp_time06' with type 'ros.ament_cmake' and name 'cpp_time06'
[0.691s] Level 1:colcon.colcon_core.package_identification:_identify(cpp_topic01) by extensions ['ignore', 'ignore_ament_install']
[0.691s] Level 1:colcon.colcon_core.package_identification:_identify(cpp_topic01) by extension 'ignore'
[0.691s] Level 1:colcon.colcon_core.package_identification:_identify(cpp_topic01) by extension 'ignore_ament_install'
[0.691s] Level 1:colcon.colcon_core.package_identification:_identify(cpp_topic01) by extensions ['colcon_pkg']
[0.691s] Level 1:colcon.colcon_core.package_identification:_identify(cpp_topic01) by extension 'colcon_pkg'
[0.691s] Level 1:colcon.colcon_core.package_identification:_identify(cpp_topic01) by extensions ['colcon_meta']
[0.691s] Level 1:colcon.colcon_core.package_identification:_identify(cpp_topic01) by extension 'colcon_meta'
[0.691s] Level 1:colcon.colcon_core.package_identification:_identify(cpp_topic01) by extensions ['ros']
[0.691s] Level 1:colcon.colcon_core.package_identification:_identify(cpp_topic01) by extension 'ros'
[0.692s] DEBUG:colcon.colcon_core.package_identification:Package 'cpp_topic01' with type 'ros.ament_cmake' and name 'cpp_topic01'
[0.692s] Level 1:colcon.colcon_core.package_identification:_identify(install) by extensions ['ignore', 'ignore_ament_install']
[0.692s] Level 1:colcon.colcon_core.package_identification:_identify(install) by extension 'ignore'
[0.692s] Level 1:colcon.colcon_core.package_identification:_identify(install) ignored
[0.692s] Level 1:colcon.colcon_core.package_identification:_identify(log) by extensions ['ignore', 'ignore_ament_install']
[0.692s] Level 1:colcon.colcon_core.package_identification:_identify(log) by extension 'ignore'
[0.692s] Level 1:colcon.colcon_core.package_identification:_identify(log) ignored
[0.693s] Level 1:colcon.colcon_core.package_identification:_identify(tutorials_pluming) by extensions ['ignore', 'ignore_ament_install']
[0.693s] Level 1:colcon.colcon_core.package_identification:_identify(tutorials_pluming) by extension 'ignore'
[0.693s] Level 1:colcon.colcon_core.package_identification:_identify(tutorials_pluming) by extension 'ignore_ament_install'
[0.693s] Level 1:colcon.colcon_core.package_identification:_identify(tutorials_pluming) by extensions ['colcon_pkg']
[0.693s] Level 1:colcon.colcon_core.package_identification:_identify(tutorials_pluming) by extension 'colcon_pkg'
[0.693s] Level 1:colcon.colcon_core.package_identification:_identify(tutorials_pluming) by extensions ['colcon_meta']
[0.693s] Level 1:colcon.colcon_core.package_identification:_identify(tutorials_pluming) by extension 'colcon_meta'
[0.693s] Level 1:colcon.colcon_core.package_identification:_identify(tutorials_pluming) by extensions ['ros']
[0.693s] Level 1:colcon.colcon_core.package_identification:_identify(tutorials_pluming) by extension 'ros'
[0.693s] DEBUG:colcon.colcon_core.package_identification:Package 'tutorials_pluming' with type 'ros.ament_cmake' and name 'tutorials_pluming'
[0.693s] Level 1:colcon.colcon_core.package_discovery:discover_packages(recursive) using defaults
[0.693s] Level 1:colcon.colcon_core.package_discovery:discover_packages(ignore) discover
[0.693s] Level 1:colcon.colcon_core.package_discovery:discover_packages(ignore) using defaults
[0.693s] Level 1:colcon.colcon_core.package_discovery:discover_packages(path) discover
[0.693s] Level 1:colcon.colcon_core.package_discovery:discover_packages(path) using defaults
[0.737s] INFO:colcon.colcon_core.package_selection:Skipping not selected package 'base_interfaces' in 'base_interfaces'
[0.738s] INFO:colcon.colcon_core.package_selection:Skipping not selected package 'cpp_names05' in 'cpp_names05'
[0.738s] INFO:colcon.colcon_core.package_selection:Skipping not selected package 'cpp_param04' in 'cpp_param04'
[0.738s] INFO:colcon.colcon_core.package_selection:Skipping not selected package 'cpp_action03' in 'cpp_action03'
[0.738s] INFO:colcon.colcon_core.package_selection:Skipping not selected package 'cpp_service02' in 'cpp_service02'
[0.738s] INFO:colcon.colcon_core.package_selection:Skipping not selected package 'cpp_topic01' in 'cpp_topic01'
[0.738s] INFO:colcon.colcon_core.package_selection:Skipping not selected package 'tutorials_pluming' in 'tutorials_pluming'
[0.752s] Level 1:colcon.colcon_core.package_discovery:discover_packages(prefix_path) check parameters
[0.752s] Level 1:colcon.colcon_core.package_discovery:discover_packages(prefix_path) discover
[0.773s] DEBUG:colcon.colcon_installed_package_information.package_discovery:Found 7 installed packages in /home/parallels/ws01_pluming/install
[0.782s] DEBUG:colcon.colcon_installed_package_information.package_discovery:Found 2 installed packages in /home/parallels/ros2_ws/install
[0.790s] DEBUG:colcon.colcon_installed_package_information.package_discovery:Found 285 installed packages in /opt/ros/iron
[0.791s] Level 1:colcon.colcon_core.package_discovery:discover_packages(prefix_path) using defaults
[0.888s] Level 5:colcon.colcon_core.verb:set package 'cpp_time06' build argument 'cmake_args' from command line to 'None'
[0.888s] Level 5:colcon.colcon_core.verb:set package 'cpp_time06' build argument 'cmake_target' from command line to 'None'
[0.888s] Level 5:colcon.colcon_core.verb:set package 'cpp_time06' build argument 'cmake_target_skip_unavailable' from command line to 'False'
[0.888s] Level 5:colcon.colcon_core.verb:set package 'cpp_time06' build argument 'cmake_clean_cache' from command line to 'False'
[0.888s] Level 5:colcon.colcon_core.verb:set package 'cpp_time06' build argument 'cmake_clean_first' from command line to 'False'
[0.888s] Level 5:colcon.colcon_core.verb:set package 'cpp_time06' build argument 'cmake_force_configure' from command line to 'False'
[0.888s] Level 5:colcon.colcon_core.verb:set package 'cpp_time06' build argument 'ament_cmake_args' from command line to 'None'
[0.888s] Level 5:colcon.colcon_core.verb:set package 'cpp_time06' build argument 'catkin_cmake_args' from command line to 'None'
[0.888s] Level 5:colcon.colcon_core.verb:set package 'cpp_time06' build argument 'catkin_skip_building_tests' from command line to 'False'
[0.888s] DEBUG:colcon.colcon_core.verb:Building package 'cpp_time06' with the following arguments: {'ament_cmake_args': None, 'build_base': '/home/parallels/ws01_pluming/src/build/cpp_time06', 'catkin_cmake_args': None, 'catkin_skip_building_tests': False, 'cmake_args': None, 'cmake_clean_cache': False, 'cmake_clean_first': False, 'cmake_force_configure': False, 'cmake_target': None, 'cmake_target_skip_unavailable': False, 'install_base': '/home/parallels/ws01_pluming/src/install/cpp_time06', 'merge_install': False, 'path': '/home/parallels/ws01_pluming/src/cpp_time06', 'symlink_install': False, 'test_result_base': None}
[0.895s] INFO:colcon.colcon_core.executor:Executing jobs using 'parallel' executor
[0.902s] DEBUG:colcon.colcon_parallel_executor.executor.parallel:run_until_complete
[0.902s] INFO:colcon.colcon_ros.task.ament_cmake.build:Building ROS package in '/home/parallels/ws01_pluming/src/cpp_time06' with build type 'ament_cmake'
[0.902s] INFO:colcon.colcon_cmake.task.cmake.build:Building CMake package in '/home/parallels/ws01_pluming/src/cpp_time06'
[0.914s] INFO:colcon.colcon_core.plugin_system:Skipping extension 'colcon_core.shell.bat': Not used on non-Windows systems
[0.914s] INFO:colcon.colcon_core.shell:Skip shell extension 'powershell' for command environment: Not usable outside of PowerShell
[0.914s] DEBUG:colcon.colcon_core.shell:Skip shell extension 'dsv' for command environment
[0.948s] DEBUG:colcon.colcon_core.event_handler.log_command:Invoking command in '/home/parallels/ws01_pluming/src/build/cpp_time06': CMAKE_PREFIX_PATH=${CMAKE_PREFIX_PATH}:/opt/ros/iron /usr/bin/cmake --build /home/parallels/ws01_pluming/src/build/cpp_time06 -- -j2 -l2
[3.873s] DEBUG:colcon.colcon_core.event_handler.log_command:Invoked command in '/home/parallels/ws01_pluming/src/build/cpp_time06' returned '0': CMAKE_PREFIX_PATH=${CMAKE_PREFIX_PATH}:/opt/ros/iron /usr/bin/cmake --build /home/parallels/ws01_pluming/src/build/cpp_time06 -- -j2 -l2
[3.908s] DEBUG:colcon.colcon_core.event_handler.log_command:Invoking command in '/home/parallels/ws01_pluming/src/build/cpp_time06': CMAKE_PREFIX_PATH=${CMAKE_PREFIX_PATH}:/opt/ros/iron /usr/bin/cmake --install /home/parallels/ws01_pluming/src/build/cpp_time06
[3.924s] Level 1:colcon.colcon_core.environment:create_environment_scripts_only(cpp_time06)
[3.925s] DEBUG:colcon.colcon_core.event_handler.log_command:Invoked command in '/home/parallels/ws01_pluming/src/build/cpp_time06' returned '0': CMAKE_PREFIX_PATH=${CMAKE_PREFIX_PATH}:/opt/ros/iron /usr/bin/cmake --install /home/parallels/ws01_pluming/src/build/cpp_time06
[4.057s] Level 1:colcon.colcon_core.environment:checking '/home/parallels/ws01_pluming/src/install/cpp_time06' for CMake module files
[4.057s] Level 1:colcon.colcon_core.environment:checking '/home/parallels/ws01_pluming/src/install/cpp_time06' for CMake config files
[4.057s] Level 1:colcon.colcon_core.shell:create_environment_hook('cpp_time06', 'cmake_prefix_path')
[4.065s] INFO:colcon.colcon_core.shell:Creating environment hook '/home/parallels/ws01_pluming/src/install/cpp_time06/share/cpp_time06/hook/cmake_prefix_path.ps1'
[4.067s] INFO:colcon.colcon_core.shell:Creating environment descriptor '/home/parallels/ws01_pluming/src/install/cpp_time06/share/cpp_time06/hook/cmake_prefix_path.dsv'
[4.067s] INFO:colcon.colcon_core.shell:Creating environment hook '/home/parallels/ws01_pluming/src/install/cpp_time06/share/cpp_time06/hook/cmake_prefix_path.sh'
[4.068s] Level 1:colcon.colcon_core.environment:checking '/home/parallels/ws01_pluming/src/install/cpp_time06/lib'
[4.068s] Level 1:colcon.colcon_core.environment:checking '/home/parallels/ws01_pluming/src/install/cpp_time06/bin'
[4.068s] Level 1:colcon.colcon_core.environment:checking '/home/parallels/ws01_pluming/src/install/cpp_time06/lib/pkgconfig/cpp_time06.pc'
[4.068s] Level 1:colcon.colcon_core.environment:checking '/home/parallels/ws01_pluming/src/install/cpp_time06/lib/python3.10/site-packages'
[4.069s] Level 1:colcon.colcon_core.environment:checking '/home/parallels/ws01_pluming/src/install/cpp_time06/bin'
[4.075s] INFO:colcon.colcon_core.shell:Creating package script '/home/parallels/ws01_pluming/src/install/cpp_time06/share/cpp_time06/package.ps1'
[4.076s] INFO:colcon.colcon_core.shell:Creating package descriptor '/home/parallels/ws01_pluming/src/install/cpp_time06/share/cpp_time06/package.dsv'
[4.076s] INFO:colcon.colcon_core.shell:Creating package script '/home/parallels/ws01_pluming/src/install/cpp_time06/share/cpp_time06/package.sh'
[4.077s] INFO:colcon.colcon_core.shell:Creating package script '/home/parallels/ws01_pluming/src/install/cpp_time06/share/cpp_time06/package.bash'
[4.078s] INFO:colcon.colcon_core.shell:Creating package script '/home/parallels/ws01_pluming/src/install/cpp_time06/share/cpp_time06/package.zsh'
[4.079s] Level 1:colcon.colcon_core.environment:create_file_with_runtime_dependencies(/home/parallels/ws01_pluming/src/install/cpp_time06/share/colcon-core/packages/cpp_time06)
[4.109s] Level 1:colcon.colcon_core.environment:create_environment_scripts_only(cpp_time06)
[4.117s] Level 1:colcon.colcon_core.environment:checking '/home/parallels/ws01_pluming/src/install/cpp_time06' for CMake module files
[4.118s] Level 1:colcon.colcon_core.environment:checking '/home/parallels/ws01_pluming/src/install/cpp_time06' for CMake config files
[4.118s] Level 1:colcon.colcon_core.shell:create_environment_hook('cpp_time06', 'cmake_prefix_path')
[4.125s] INFO:colcon.colcon_core.shell:Creating environment hook '/home/parallels/ws01_pluming/src/install/cpp_time06/share/cpp_time06/hook/cmake_prefix_path.ps1'
[4.125s] INFO:colcon.colcon_core.shell:Creating environment descriptor '/home/parallels/ws01_pluming/src/install/cpp_time06/share/cpp_time06/hook/cmake_prefix_path.dsv'
[4.125s] INFO:colcon.colcon_core.shell:Creating environment hook '/home/parallels/ws01_pluming/src/install/cpp_time06/share/cpp_time06/hook/cmake_prefix_path.sh'
[4.126s] Level 1:colcon.colcon_core.environment:checking '/home/parallels/ws01_pluming/src/install/cpp_time06/lib'
[4.126s] Level 1:colcon.colcon_core.environment:checking '/home/parallels/ws01_pluming/src/install/cpp_time06/bin'
[4.126s] Level 1:colcon.colcon_core.environment:checking '/home/parallels/ws01_pluming/src/install/cpp_time06/lib/pkgconfig/cpp_time06.pc'
[4.126s] Level 1:colcon.colcon_core.environment:checking '/home/parallels/ws01_pluming/src/install/cpp_time06/lib/python3.10/site-packages'
[4.127s] Level 1:colcon.colcon_core.environment:checking '/home/parallels/ws01_pluming/src/install/cpp_time06/bin'
[4.135s] INFO:colcon.colcon_core.shell:Creating package script '/home/parallels/ws01_pluming/src/install/cpp_time06/share/cpp_time06/package.ps1'
[4.136s] INFO:colcon.colcon_core.shell:Creating package descriptor '/home/parallels/ws01_pluming/src/install/cpp_time06/share/cpp_time06/package.dsv'
[4.136s] INFO:colcon.colcon_core.shell:Creating package script '/home/parallels/ws01_pluming/src/install/cpp_time06/share/cpp_time06/package.sh'
[4.136s] INFO:colcon.colcon_core.shell:Creating package script '/home/parallels/ws01_pluming/src/install/cpp_time06/share/cpp_time06/package.bash'
[4.136s] INFO:colcon.colcon_core.shell:Creating package script '/home/parallels/ws01_pluming/src/install/cpp_time06/share/cpp_time06/package.zsh'
[4.136s] Level 1:colcon.colcon_core.environment:create_file_with_runtime_dependencies(/home/parallels/ws01_pluming/src/install/cpp_time06/share/colcon-core/packages/cpp_time06)
[4.137s] DEBUG:colcon.colcon_parallel_executor.executor.parallel:closing loop
[4.137s] DEBUG:colcon.colcon_parallel_executor.executor.parallel:loop closed
[4.137s] DEBUG:colcon.colcon_parallel_executor.executor.parallel:run_until_complete finished with '0'
[4.137s] DEBUG:colcon.colcon_core.event_reactor:joining thread
[4.167s] INFO:colcon.colcon_core.plugin_system:Skipping extension 'colcon_notification.desktop_notification.terminal_notifier': Not used on non-Darwin systems
[4.167s] INFO:colcon.colcon_core.plugin_system:Skipping extension 'colcon_notification.desktop_notification.win32': Not used on non-Windows systems
[4.167s] INFO:colcon.colcon_notification.desktop_notification:Sending desktop notification using 'notify2'
[4.222s] DEBUG:colcon.colcon_core.event_reactor:joined thread
[4.229s] INFO:colcon.colcon_core.shell:Creating prefix script '/home/parallels/ws01_pluming/src/install/local_setup.ps1'
[4.233s] INFO:colcon.colcon_core.shell:Creating prefix util module '/home/parallels/ws01_pluming/src/install/_local_setup_util_ps1.py'
[4.233s] INFO:colcon.colcon_core.shell:Creating prefix chain script '/home/parallels/ws01_pluming/src/install/setup.ps1'
[4.246s] INFO:colcon.colcon_core.shell:Creating prefix script '/home/parallels/ws01_pluming/src/install/local_setup.sh'
[4.247s] INFO:colcon.colcon_core.shell:Creating prefix util module '/home/parallels/ws01_pluming/src/install/_local_setup_util_sh.py'
[4.247s] INFO:colcon.colcon_core.shell:Creating prefix chain script '/home/parallels/ws01_pluming/src/install/setup.sh'
[4.262s] INFO:colcon.colcon_core.shell:Creating prefix script '/home/parallels/ws01_pluming/src/install/local_setup.bash'
[4.263s] INFO:colcon.colcon_core.shell:Creating prefix chain script '/home/parallels/ws01_pluming/src/install/setup.bash'
[4.271s] INFO:colcon.colcon_core.shell:Creating prefix script '/home/parallels/ws01_pluming/src/install/local_setup.zsh'
[4.272s] INFO:colcon.colcon_core.shell:Creating prefix chain script '/home/parallels/ws01_pluming/src/install/setup.zsh'
