[0.640s] DEBUG:colcon:Command line arguments: ['/usr/bin/colcon', 'build', '--packages-select', 'cpp_param04']
[0.640s] DEBUG:colcon:Parsed command line arguments: Namespace(log_base=None, log_level=None, verb_name='build', build_base='build', install_base='install', merge_install=False, symlink_install=False, test_result_base=None, continue_on_error=False, executor='parallel', parallel_workers=2, event_handlers=None, ignore_user_meta=False, metas=['./colcon.meta'], base_paths=['.'], packages_ignore=None, packages_ignore_regex=None, paths=None, packages_up_to=None, packages_up_to_regex=None, packages_above=None, packages_above_and_dependencies=None, packages_above_depth=None, packages_select_by_dep=None, packages_skip_by_dep=None, packages_skip_up_to=None, packages_select_build_failed=False, packages_skip_build_finished=False, packages_select_test_failures=False, packages_skip_test_passed=False, packages_select=['cpp_param04'], packages_skip=None, packages_select_regex=None, packages_skip_regex=None, packages_start=None, packages_end=None, allow_overriding=[], cmake_args=None, cmake_target=None, cmake_target_skip_unavailable=False, cmake_clean_cache=False, cmake_clean_first=False, cmake_force_configure=False, ament_cmake_args=None, catkin_cmake_args=None, catkin_skip_building_tests=False, verb_parser=<colcon_defaults.argument_parser.defaults.DefaultArgumentsDecorator object at 0xffff8228c0d0>, verb_extension=<colcon_core.verb.build.BuildVerb object at 0xffff8228da80>, main=<bound method BuildVerb.main of <colcon_core.verb.build.BuildVerb object at 0xffff8228da80>>)
[0.678s] Level 1:colcon.colcon_core.package_discovery:discover_packages(colcon_meta) check parameters
[0.678s] Level 1:colcon.colcon_core.package_discovery:discover_packages(recursive) check parameters
[0.678s] Level 1:colcon.colcon_core.package_discovery:discover_packages(ignore) check parameters
[0.678s] Level 1:colcon.colcon_core.package_discovery:discover_packages(path) check parameters
[0.678s] Level 1:colcon.colcon_core.package_discovery:discover_packages(colcon_meta) discover
[0.679s] Level 1:colcon.colcon_core.package_discovery:discover_packages(recursive) discover
[0.679s] INFO:colcon.colcon_core.package_discovery:Crawling recursively for packages in '/home/parallels/ws01_pluming/src'
[0.679s] Level 1:colcon.colcon_core.package_identification:_identify(.) by extensions ['ignore', 'ignore_ament_install']
[0.679s] Level 1:colcon.colcon_core.package_identification:_identify(.) by extension 'ignore'
[0.679s] Level 1:colcon.colcon_core.package_identification:_identify(.) by extension 'ignore_ament_install'
[0.679s] Level 1:colcon.colcon_core.package_identification:_identify(.) by extensions ['colcon_pkg']
[0.679s] Level 1:colcon.colcon_core.package_identification:_identify(.) by extension 'colcon_pkg'
[0.679s] Level 1:colcon.colcon_core.package_identification:_identify(.) by extensions ['colcon_meta']
[0.679s] Level 1:colcon.colcon_core.package_identification:_identify(.) by extension 'colcon_meta'
[0.679s] Level 1:colcon.colcon_core.package_identification:_identify(.) by extensions ['ros']
[0.679s] Level 1:colcon.colcon_core.package_identification:_identify(.) by extension 'ros'
[0.689s] Level 1:colcon.colcon_core.package_identification:_identify(.) by extensions ['cmake', 'python']
[0.689s] Level 1:colcon.colcon_core.package_identification:_identify(.) by extension 'cmake'
[0.689s] Level 1:colcon.colcon_core.package_identification:_identify(.) by extension 'python'
[0.689s] Level 1:colcon.colcon_core.package_identification:_identify(.) by extensions ['python_setup_py']
[0.689s] Level 1:colcon.colcon_core.package_identification:_identify(.) by extension 'python_setup_py'
[0.689s] Level 1:colcon.colcon_core.package_identification:_identify(base_interfaces) by extensions ['ignore', 'ignore_ament_install']
[0.689s] Level 1:colcon.colcon_core.package_identification:_identify(base_interfaces) by extension 'ignore'
[0.689s] Level 1:colcon.colcon_core.package_identification:_identify(base_interfaces) by extension 'ignore_ament_install'
[0.689s] Level 1:colcon.colcon_core.package_identification:_identify(base_interfaces) by extensions ['colcon_pkg']
[0.689s] Level 1:colcon.colcon_core.package_identification:_identify(base_interfaces) by extension 'colcon_pkg'
[0.689s] Level 1:colcon.colcon_core.package_identification:_identify(base_interfaces) by extensions ['colcon_meta']
[0.689s] Level 1:colcon.colcon_core.package_identification:_identify(base_interfaces) by extension 'colcon_meta'
[0.689s] Level 1:colcon.colcon_core.package_identification:_identify(base_interfaces) by extensions ['ros']
[0.689s] Level 1:colcon.colcon_core.package_identification:_identify(base_interfaces) by extension 'ros'
[0.692s] DEBUG:colcon.colcon_core.package_identification:Package 'base_interfaces' with type 'ros.ament_cmake' and name 'base_interfaces'
[0.692s] Level 1:colcon.colcon_core.package_identification:_identify(build) by extensions ['ignore', 'ignore_ament_install']
[0.692s] Level 1:colcon.colcon_core.package_identification:_identify(build) by extension 'ignore'
[0.692s] Level 1:colcon.colcon_core.package_identification:_identify(build) ignored
[0.693s] Level 1:colcon.colcon_core.package_identification:_identify(cpp_action03) by extensions ['ignore', 'ignore_ament_install']
[0.693s] Level 1:colcon.colcon_core.package_identification:_identify(cpp_action03) by extension 'ignore'
[0.693s] Level 1:colcon.colcon_core.package_identification:_identify(cpp_action03) by extension 'ignore_ament_install'
[0.693s] Level 1:colcon.colcon_core.package_identification:_identify(cpp_action03) by extensions ['colcon_pkg']
[0.693s] Level 1:colcon.colcon_core.package_identification:_identify(cpp_action03) by extension 'colcon_pkg'
[0.693s] Level 1:colcon.colcon_core.package_identification:_identify(cpp_action03) by extensions ['colcon_meta']
[0.693s] Level 1:colcon.colcon_core.package_identification:_identify(cpp_action03) by extension 'colcon_meta'
[0.693s] Level 1:colcon.colcon_core.package_identification:_identify(cpp_action03) by extensions ['ros']
[0.693s] Level 1:colcon.colcon_core.package_identification:_identify(cpp_action03) by extension 'ros'
[0.694s] DEBUG:colcon.colcon_core.package_identification:Package 'cpp_action03' with type 'ros.ament_cmake' and name 'cpp_action03'
[0.694s] Level 1:colcon.colcon_core.package_identification:_identify(cpp_param04) by extensions ['ignore', 'ignore_ament_install']
[0.694s] Level 1:colcon.colcon_core.package_identification:_identify(cpp_param04) by extension 'ignore'
[0.694s] Level 1:colcon.colcon_core.package_identification:_identify(cpp_param04) by extension 'ignore_ament_install'
[0.694s] Level 1:colcon.colcon_core.package_identification:_identify(cpp_param04) by extensions ['colcon_pkg']
[0.694s] Level 1:colcon.colcon_core.package_identification:_identify(cpp_param04) by extension 'colcon_pkg'
[0.694s] Level 1:colcon.colcon_core.package_identification:_identify(cpp_param04) by extensions ['colcon_meta']
[0.694s] Level 1:colcon.colcon_core.package_identification:_identify(cpp_param04) by extension 'colcon_meta'
[0.694s] Level 1:colcon.colcon_core.package_identification:_identify(cpp_param04) by extensions ['ros']
[0.694s] Level 1:colcon.colcon_core.package_identification:_identify(cpp_param04) by extension 'ros'
[0.694s] DEBUG:colcon.colcon_core.package_identification:Package 'cpp_param04' with type 'ros.ament_cmake' and name 'cpp_param04'
[0.695s] Level 1:colcon.colcon_core.package_identification:_identify(cpp_service02) by extensions ['ignore', 'ignore_ament_install']
[0.695s] Level 1:colcon.colcon_core.package_identification:_identify(cpp_service02) by extension 'ignore'
[0.695s] Level 1:colcon.colcon_core.package_identification:_identify(cpp_service02) by extension 'ignore_ament_install'
[0.695s] Level 1:colcon.colcon_core.package_identification:_identify(cpp_service02) by extensions ['colcon_pkg']
[0.695s] Level 1:colcon.colcon_core.package_identification:_identify(cpp_service02) by extension 'colcon_pkg'
[0.695s] Level 1:colcon.colcon_core.package_identification:_identify(cpp_service02) by extensions ['colcon_meta']
[0.695s] Level 1:colcon.colcon_core.package_identification:_identify(cpp_service02) by extension 'colcon_meta'
[0.695s] Level 1:colcon.colcon_core.package_identification:_identify(cpp_service02) by extensions ['ros']
[0.695s] Level 1:colcon.colcon_core.package_identification:_identify(cpp_service02) by extension 'ros'
[0.696s] DEBUG:colcon.colcon_core.package_identification:Package 'cpp_service02' with type 'ros.ament_cmake' and name 'cpp_service02'
[0.696s] Level 1:colcon.colcon_core.package_identification:_identify(cpp_topic01) by extensions ['ignore', 'ignore_ament_install']
[0.696s] Level 1:colcon.colcon_core.package_identification:_identify(cpp_topic01) by extension 'ignore'
[0.696s] Level 1:colcon.colcon_core.package_identification:_identify(cpp_topic01) by extension 'ignore_ament_install'
[0.696s] Level 1:colcon.colcon_core.package_identification:_identify(cpp_topic01) by extensions ['colcon_pkg']
[0.696s] Level 1:colcon.colcon_core.package_identification:_identify(cpp_topic01) by extension 'colcon_pkg'
[0.696s] Level 1:colcon.colcon_core.package_identification:_identify(cpp_topic01) by extensions ['colcon_meta']
[0.696s] Level 1:colcon.colcon_core.package_identification:_identify(cpp_topic01) by extension 'colcon_meta'
[0.696s] Level 1:colcon.colcon_core.package_identification:_identify(cpp_topic01) by extensions ['ros']
[0.696s] Level 1:colcon.colcon_core.package_identification:_identify(cpp_topic01) by extension 'ros'
[0.698s] DEBUG:colcon.colcon_core.package_identification:Package 'cpp_topic01' with type 'ros.ament_cmake' and name 'cpp_topic01'
[0.698s] Level 1:colcon.colcon_core.package_identification:_identify(install) by extensions ['ignore', 'ignore_ament_install']
[0.698s] Level 1:colcon.colcon_core.package_identification:_identify(install) by extension 'ignore'
[0.698s] Level 1:colcon.colcon_core.package_identification:_identify(install) ignored
[0.698s] Level 1:colcon.colcon_core.package_identification:_identify(log) by extensions ['ignore', 'ignore_ament_install']
[0.698s] Level 1:colcon.colcon_core.package_identification:_identify(log) by extension 'ignore'
[0.699s] Level 1:colcon.colcon_core.package_identification:_identify(log) ignored
[0.699s] Level 1:colcon.colcon_core.package_discovery:discover_packages(recursive) using defaults
[0.699s] Level 1:colcon.colcon_core.package_discovery:discover_packages(ignore) discover
[0.699s] Level 1:colcon.colcon_core.package_discovery:discover_packages(ignore) using defaults
[0.699s] Level 1:colcon.colcon_core.package_discovery:discover_packages(path) discover
[0.699s] Level 1:colcon.colcon_core.package_discovery:discover_packages(path) using defaults
[0.746s] INFO:colcon.colcon_core.package_selection:Skipping not selected package 'base_interfaces' in 'base_interfaces'
[0.746s] INFO:colcon.colcon_core.package_selection:Skipping not selected package 'cpp_action03' in 'cpp_action03'
[0.746s] INFO:colcon.colcon_core.package_selection:Skipping not selected package 'cpp_service02' in 'cpp_service02'
[0.746s] INFO:colcon.colcon_core.package_selection:Skipping not selected package 'cpp_topic01' in 'cpp_topic01'
[0.758s] Level 1:colcon.colcon_core.package_discovery:discover_packages(prefix_path) check parameters
[0.758s] Level 1:colcon.colcon_core.package_discovery:discover_packages(prefix_path) discover
[0.778s] DEBUG:colcon.colcon_installed_package_information.package_discovery:Found 4 installed packages in /home/parallels/ws01_pluming/install
[0.787s] DEBUG:colcon.colcon_installed_package_information.package_discovery:Found 2 installed packages in /home/parallels/ros2_ws/install
[0.794s] DEBUG:colcon.colcon_installed_package_information.package_discovery:Found 285 installed packages in /opt/ros/iron
[0.795s] Level 1:colcon.colcon_core.package_discovery:discover_packages(prefix_path) using defaults
[0.885s] Level 5:colcon.colcon_core.verb:set package 'cpp_param04' build argument 'cmake_args' from command line to 'None'
[0.886s] Level 5:colcon.colcon_core.verb:set package 'cpp_param04' build argument 'cmake_target' from command line to 'None'
[0.886s] Level 5:colcon.colcon_core.verb:set package 'cpp_param04' build argument 'cmake_target_skip_unavailable' from command line to 'False'
[0.886s] Level 5:colcon.colcon_core.verb:set package 'cpp_param04' build argument 'cmake_clean_cache' from command line to 'False'
[0.886s] Level 5:colcon.colcon_core.verb:set package 'cpp_param04' build argument 'cmake_clean_first' from command line to 'False'
[0.886s] Level 5:colcon.colcon_core.verb:set package 'cpp_param04' build argument 'cmake_force_configure' from command line to 'False'
[0.886s] Level 5:colcon.colcon_core.verb:set package 'cpp_param04' build argument 'ament_cmake_args' from command line to 'None'
[0.886s] Level 5:colcon.colcon_core.verb:set package 'cpp_param04' build argument 'catkin_cmake_args' from command line to 'None'
[0.886s] Level 5:colcon.colcon_core.verb:set package 'cpp_param04' build argument 'catkin_skip_building_tests' from command line to 'False'
[0.886s] DEBUG:colcon.colcon_core.verb:Building package 'cpp_param04' with the following arguments: {'ament_cmake_args': None, 'build_base': '/home/parallels/ws01_pluming/src/build/cpp_param04', 'catkin_cmake_args': None, 'catkin_skip_building_tests': False, 'cmake_args': None, 'cmake_clean_cache': False, 'cmake_clean_first': False, 'cmake_force_configure': False, 'cmake_target': None, 'cmake_target_skip_unavailable': False, 'install_base': '/home/parallels/ws01_pluming/src/install/cpp_param04', 'merge_install': False, 'path': '/home/parallels/ws01_pluming/src/cpp_param04', 'symlink_install': False, 'test_result_base': None}
[0.892s] INFO:colcon.colcon_core.executor:Executing jobs using 'parallel' executor
[0.898s] DEBUG:colcon.colcon_parallel_executor.executor.parallel:run_until_complete
[0.898s] INFO:colcon.colcon_ros.task.ament_cmake.build:Building ROS package in '/home/parallels/ws01_pluming/src/cpp_param04' with build type 'ament_cmake'
[0.898s] INFO:colcon.colcon_cmake.task.cmake.build:Building CMake package in '/home/parallels/ws01_pluming/src/cpp_param04'
[0.908s] INFO:colcon.colcon_core.plugin_system:Skipping extension 'colcon_core.shell.bat': Not used on non-Windows systems
[0.908s] INFO:colcon.colcon_core.shell:Skip shell extension 'powershell' for command environment: Not usable outside of PowerShell
[0.908s] DEBUG:colcon.colcon_core.shell:Skip shell extension 'dsv' for command environment
[0.945s] DEBUG:colcon.colcon_core.event_handler.log_command:Invoking command in '/home/parallels/ws01_pluming/src/build/cpp_param04': CMAKE_PREFIX_PATH=${CMAKE_PREFIX_PATH}:/opt/ros/iron /usr/bin/cmake /home/parallels/ws01_pluming/src/cpp_param04 -DCMAKE_INSTALL_PREFIX=/home/parallels/ws01_pluming/src/install/cpp_param04
[2.175s] DEBUG:colcon.colcon_core.event_handler.log_command:Invoked command in '/home/parallels/ws01_pluming/src/build/cpp_param04' returned '0': CMAKE_PREFIX_PATH=${CMAKE_PREFIX_PATH}:/opt/ros/iron /usr/bin/cmake /home/parallels/ws01_pluming/src/cpp_param04 -DCMAKE_INSTALL_PREFIX=/home/parallels/ws01_pluming/src/install/cpp_param04
[2.175s] DEBUG:colcon.colcon_core.event_handler.log_command:Invoking command in '/home/parallels/ws01_pluming/src/build/cpp_param04': CMAKE_PREFIX_PATH=${CMAKE_PREFIX_PATH}:/opt/ros/iron /usr/bin/cmake --build /home/parallels/ws01_pluming/src/build/cpp_param04 -- -j2 -l2
[2.400s] DEBUG:colcon.colcon_core.event_handler.log_command:Invoked command in '/home/parallels/ws01_pluming/src/build/cpp_param04' returned '2': CMAKE_PREFIX_PATH=${CMAKE_PREFIX_PATH}:/opt/ros/iron /usr/bin/cmake --build /home/parallels/ws01_pluming/src/build/cpp_param04 -- -j2 -l2
[2.434s] Level 1:colcon.colcon_core.environment:create_environment_scripts_only(cpp_param04)
[2.449s] Level 1:colcon.colcon_core.environment:checking '/home/parallels/ws01_pluming/src/install/cpp_param04' for CMake module files
[2.449s] Level 1:colcon.colcon_core.environment:checking '/home/parallels/ws01_pluming/src/install/cpp_param04' for CMake config files
[2.449s] Level 1:colcon.colcon_core.environment:checking '/home/parallels/ws01_pluming/src/install/cpp_param04/bin'
[2.449s] Level 1:colcon.colcon_core.environment:checking '/home/parallels/ws01_pluming/src/install/cpp_param04/lib/pkgconfig/cpp_param04.pc'
[2.450s] Level 1:colcon.colcon_core.environment:checking '/home/parallels/ws01_pluming/src/install/cpp_param04/lib/python3.10/site-packages'
[2.450s] Level 1:colcon.colcon_core.environment:checking '/home/parallels/ws01_pluming/src/install/cpp_param04/bin'
[2.457s] INFO:colcon.colcon_core.shell:Creating package script '/home/parallels/ws01_pluming/src/install/cpp_param04/share/cpp_param04/package.ps1'
[2.458s] INFO:colcon.colcon_core.shell:Creating package descriptor '/home/parallels/ws01_pluming/src/install/cpp_param04/share/cpp_param04/package.dsv'
[2.458s] INFO:colcon.colcon_core.shell:Creating package script '/home/parallels/ws01_pluming/src/install/cpp_param04/share/cpp_param04/package.sh'
[2.460s] INFO:colcon.colcon_core.shell:Creating package script '/home/parallels/ws01_pluming/src/install/cpp_param04/share/cpp_param04/package.bash'
[2.466s] INFO:colcon.colcon_core.shell:Creating package script '/home/parallels/ws01_pluming/src/install/cpp_param04/share/cpp_param04/package.zsh'
[2.467s] Level 1:colcon.colcon_core.environment:create_file_with_runtime_dependencies(/home/parallels/ws01_pluming/src/install/cpp_param04/share/colcon-core/packages/cpp_param04)
[2.478s] DEBUG:colcon.colcon_parallel_executor.executor.parallel:closing loop
[2.478s] DEBUG:colcon.colcon_parallel_executor.executor.parallel:loop closed
[2.478s] DEBUG:colcon.colcon_parallel_executor.executor.parallel:run_until_complete finished with '2'
[2.478s] DEBUG:colcon.colcon_core.event_reactor:joining thread
[2.495s] INFO:colcon.colcon_core.plugin_system:Skipping extension 'colcon_notification.desktop_notification.terminal_notifier': Not used on non-Darwin systems
[2.495s] INFO:colcon.colcon_core.plugin_system:Skipping extension 'colcon_notification.desktop_notification.win32': Not used on non-Windows systems
[2.495s] INFO:colcon.colcon_notification.desktop_notification:Sending desktop notification using 'notify2'
[2.597s] DEBUG:colcon.colcon_core.event_reactor:joined thread
[2.604s] INFO:colcon.colcon_core.shell:Creating prefix script '/home/parallels/ws01_pluming/src/install/local_setup.ps1'
[2.605s] INFO:colcon.colcon_core.shell:Creating prefix util module '/home/parallels/ws01_pluming/src/install/_local_setup_util_ps1.py'
[2.606s] INFO:colcon.colcon_core.shell:Creating prefix chain script '/home/parallels/ws01_pluming/src/install/setup.ps1'
[2.613s] INFO:colcon.colcon_core.shell:Creating prefix script '/home/parallels/ws01_pluming/src/install/local_setup.sh'
[2.614s] INFO:colcon.colcon_core.shell:Creating prefix util module '/home/parallels/ws01_pluming/src/install/_local_setup_util_sh.py'
[2.614s] INFO:colcon.colcon_core.shell:Creating prefix chain script '/home/parallels/ws01_pluming/src/install/setup.sh'
[2.621s] INFO:colcon.colcon_core.shell:Creating prefix script '/home/parallels/ws01_pluming/src/install/local_setup.bash'
[2.622s] INFO:colcon.colcon_core.shell:Creating prefix chain script '/home/parallels/ws01_pluming/src/install/setup.bash'
[2.628s] INFO:colcon.colcon_core.shell:Creating prefix script '/home/parallels/ws01_pluming/src/install/local_setup.zsh'
[2.629s] INFO:colcon.colcon_core.shell:Creating prefix chain script '/home/parallels/ws01_pluming/src/install/setup.zsh'
