[0.046s] Invoking command in '/home/parallels/ws01_pluming/src/build/cpp_time06': CMAKE_PREFIX_PATH=${CMAKE_PREFIX_PATH}:/opt/ros/iron /usr/bin/cmake --build /home/parallels/ws01_pluming/src/build/cpp_time06 -- -j2 -l2
[0.106s] [35m[1mConsolidate compiler generated dependencies of target time[0m
[0.122s] [ 50%] [32mBuilding CXX object CMakeFiles/time.dir/src/time.cpp.o[0m
[2.817s] [100%] [32m[1mLinking CXX executable time[0m
[2.955s] [100%] Built target time
[2.971s] Invoked command in '/home/parallels/ws01_pluming/src/build/cpp_time06' returned '0': CMAKE_PREFIX_PATH=${CMAKE_PREFIX_PATH}:/opt/ros/iron /usr/bin/cmake --build /home/parallels/ws01_pluming/src/build/cpp_time06 -- -j2 -l2
[3.005s] Invoking command in '/home/parallels/ws01_pluming/src/build/cpp_time06': CMAKE_PREFIX_PATH=${CMAKE_PREFIX_PATH}:/opt/ros/iron /usr/bin/cmake --install /home/parallels/ws01_pluming/src/build/cpp_time06
[3.012s] -- Install configuration: ""
[3.013s] -- Installing: /home/parallels/ws01_pluming/src/install/cpp_time06/lib/cpp_time06/time
[3.014s] -- Set runtime path of "/home/parallels/ws01_pluming/src/install/cpp_time06/lib/cpp_time06/time" to ""
[3.015s] -- Installing: /home/parallels/ws01_pluming/src/install/cpp_time06/share/ament_index/resource_index/package_run_dependencies/cpp_time06
[3.015s] -- Installing: /home/parallels/ws01_pluming/src/install/cpp_time06/share/ament_index/resource_index/parent_prefix_path/cpp_time06
[3.017s] -- Installing: /home/parallels/ws01_pluming/src/install/cpp_time06/share/cpp_time06/environment/ament_prefix_path.sh
[3.017s] -- Installing: /home/parallels/ws01_pluming/src/install/cpp_time06/share/cpp_time06/environment/ament_prefix_path.dsv
[3.017s] -- Installing: /home/parallels/ws01_pluming/src/install/cpp_time06/share/cpp_time06/environment/path.sh
[3.017s] -- Installing: /home/parallels/ws01_pluming/src/install/cpp_time06/share/cpp_time06/environment/path.dsv
[3.018s] -- Installing: /home/parallels/ws01_pluming/src/install/cpp_time06/share/cpp_time06/local_setup.bash
[3.019s] -- Installing: /home/parallels/ws01_pluming/src/install/cpp_time06/share/cpp_time06/local_setup.sh
[3.019s] -- Installing: /home/parallels/ws01_pluming/src/install/cpp_time06/share/cpp_time06/local_setup.zsh
[3.019s] -- Installing: /home/parallels/ws01_pluming/src/install/cpp_time06/share/cpp_time06/local_setup.dsv
[3.019s] -- Installing: /home/parallels/ws01_pluming/src/install/cpp_time06/share/cpp_time06/package.dsv
[3.019s] -- Installing: /home/parallels/ws01_pluming/src/install/cpp_time06/share/ament_index/resource_index/packages/cpp_time06
[3.020s] -- Installing: /home/parallels/ws01_pluming/src/install/cpp_time06/share/cpp_time06/cmake/cpp_time06Config.cmake
[3.020s] -- Installing: /home/parallels/ws01_pluming/src/install/cpp_time06/share/cpp_time06/cmake/cpp_time06Config-version.cmake
[3.020s] -- Installing: /home/parallels/ws01_pluming/src/install/cpp_time06/share/cpp_time06/package.xml
[3.022s] Invoked command in '/home/parallels/ws01_pluming/src/build/cpp_time06' returned '0': CMAKE_PREFIX_PATH=${CMAKE_PREFIX_PATH}:/opt/ros/iron /usr/bin/cmake --install /home/parallels/ws01_pluming/src/build/cpp_time06
